Working for region /data/compoundx/anand/PCV/data/crop_data/high/crop_W.C.Asia_n_1564_v3.csv
Saved Figure for the region crop_W.C.Asia_n_1564_v3
Working for region /data/compoundx/anand/PCV/data/crop_data/high/crop_N.Europe_n_359_v3.csv
Saved Figure for the region crop_N.Europe_n_359_v3
Working for region /data/compoundx/anand/PCV/data/crop_data/high/crop_Tibetan-Plateau_n_185_v3.csv
Saved Figure for the region crop_Tibetan-Plateau_n_185_v3
Working for region /data/compoundx/anand/PCV/data/crop_data/high/crop_C.North-America_n_1752_v3.csv
Saved Figure for the region crop_C.North-America_n_1752_v3
Working for region /data/compoundx/anand/PCV/data/crop_data/high/crop_N.Central-America_n_92_v3.csv
Saved Figure for the region crop_N.Central-America_n_92_v3
Working for region /data/compoundx/anand/PCV/data/crop_data/high/crop_E.Asia_n_2575_v3.csv
Saved Figure for the region crop_E.Asia_n_2575_v3
Working for region /data/compoundx/anand/PCV/data/crop_data/high/crop_E.Siberia_n_620_v3.csv
Saved Figure for the region crop_E.Siberia_n_620_v3
Working for region /data/compoundx/anand/PCV/data/crop_data/high/crop_E.Europe_n_1860_v3.csv
Saved Figure for the region crop_E.Europe_n_1860_v3
Working for region /data/compoundx/anand/PCV/data/crop_data/high/crop_West&Central-Europe_n_4297_v3.csv
Saved Figure for the region crop_West&Central-Europe_n_4297_v3
Working for region /data/compoundx/anand/PCV/data/crop_data/high/crop_Russian-Far-East_n_152_v3.csv
Saved Figure for the region crop_Russian-Far-East_n_152_v3
Working for region /data/compoundx/anand/PCV/data/crop_data/high/crop_W.North-America_n_384_v3.csv
Saved Figure for the region crop_W.North-America_n_384_v3
Working for region /data/compoundx/anand/PCV/data/crop_data/high/crop_N.E.North-America_n_236_v3.csv
Saved Figure for the region crop_N.E.North-America_n_236_v3
Working for region /data/compoundx/anand/PCV/data/crop_data/high/crop_E.North-America_n_856_v3.csv
Saved Figure for the region crop_E.North-America_n_856_v3
Working for region /data/compoundx/anand/PCV/data/crop_data/high/crop_E.C.Asia_n_229_v3.csv
Saved Figure for the region crop_E.C.Asia_n_229_v3
Working for region /data/compoundx/anand/PCV/data/crop_data/high/crop_Mediterranean_n_2040_v3.csv
Saved Figure for the region crop_Mediterranean_n_2040_v3
Working for region /data/compoundx/anand/PCV/data/crop_data/high/crop_N.W.North-America_n_652_v3.csv
Saved Figure for the region crop_N.W.North-America_n_652_v3
Working for region /data/compoundx/anand/PCV/data/crop_data/high/crop_S.Asia_n_1039_v3.csv
Saved Figure for the region crop_S.Asia_n_1039_v3
Working for region /data/compoundx/anand/PCV/data/crop_data/high/crop_W.Siberia_n_1780_v3.csv
Saved Figure for the region crop_W.Siberia_n_1780_v3
Working for region /data/compoundx/anand/PCV/data/crop_data/low/crop_W.C.Asia_n_1564_v3.csv
Saved Figure for the region crop_W.C.Asia_n_1564_v3
Working for region /data/compoundx/anand/PCV/data/crop_data/low/crop_N.Europe_n_359_v3.csv
Saved Figure for the region crop_N.Europe_n_359_v3
Working for region /data/compoundx/anand/PCV/data/crop_data/low/crop_Tibetan-Plateau_n_185_v3.csv
Saved Figure for the region crop_Tibetan-Plateau_n_185_v3
Working for region /data/compoundx/anand/PCV/data/crop_data/low/crop_C.North-America_n_1752_v3.csv
Saved Figure for the region crop_C.North-America_n_1752_v3
Working for region /data/compoundx/anand/PCV/data/crop_data/low/crop_N.Central-America_n_92_v3.csv
Saved Figure for the region crop_N.Central-America_n_92_v3
Working for region /data/compoundx/anand/PCV/data/crop_data/low/crop_E.Asia_n_2575_v3.csv
Saved Figure for the region crop_E.Asia_n_2575_v3
Working for region /data/compoundx/anand/PCV/data/crop_data/low/crop_E.Siberia_n_620_v3.csv
Saved Figure for the region crop_E.Siberia_n_620_v3
Working for region /data/compoundx/anand/PCV/data/crop_data/low/crop_E.Europe_n_1860_v3.csv
Saved Figure for the region crop_E.Europe_n_1860_v3
Working for region /data/compoundx/anand/PCV/data/crop_data/low/crop_West&Central-Europe_n_4297_v3.csv
Saved Figure for the region crop_West&Central-Europe_n_4297_v3
Working for region /data/compoundx/anand/PCV/data/crop_data/low/crop_Russian-Far-East_n_152_v3.csv
Saved Figure for the region crop_Russian-Far-East_n_152_v3
Working for region /data/compoundx/anand/PCV/data/crop_data/low/crop_W.North-America_n_384_v3.csv
Saved Figure for the region crop_W.North-America_n_384_v3
Working for region /data/compoundx/anand/PCV/data/crop_data/low/crop_N.E.North-America_n_236_v3.csv
Saved Figure for the region crop_N.E.North-America_n_236_v3
Working for region /data/compoundx/anand/PCV/data/crop_data/low/crop_E.North-America_n_856_v3.csv
Saved Figure for the region crop_E.North-America_n_856_v3
Working for region /data/compoundx/anand/PCV/data/crop_data/low/crop_E.C.Asia_n_229_v3.csv
Saved Figure for the region crop_E.C.Asia_n_229_v3
Working for region /data/compoundx/anand/PCV/data/crop_data/low/crop_Mediterranean_n_2040_v3.csv
Saved Figure for the region crop_Mediterranean_n_2040_v3
Working for region /data/compoundx/anand/PCV/data/crop_data/low/crop_N.W.North-America_n_652_v3.csv
Saved Figure for the region crop_N.W.North-America_n_652_v3
Working for region /data/compoundx/anand/PCV/data/crop_data/low/crop_S.Asia_n_1039_v3.csv
Saved Figure for the region crop_S.Asia_n_1039_v3
Working for region /data/compoundx/anand/PCV/data/crop_data/low/crop_W.Siberia_n_1780_v3.csv
Saved Figure for the region crop_W.Siberia_n_1780_v3
