Working for region /data/compoundx/anand/PCV/data/crop_data/high/crop_high_E.Asia_v7.csv
Saved Figure for the region crop_high_E.Asia_v7
Working for region /data/compoundx/anand/PCV/data/crop_data/high/crop_high_E.North-America_v7.csv
Saved Figure for the region crop_high_E.North-America_v7
Working for region /data/compoundx/anand/PCV/data/crop_data/high/crop_high_W.Siberia_v7.csv
Saved Figure for the region crop_high_W.Siberia_v7
Working for region /data/compoundx/anand/PCV/data/crop_data/high/crop_high_Russian-Far-East_v7.csv
Saved Figure for the region crop_high_Russian-Far-East_v7
Working for region /data/compoundx/anand/PCV/data/crop_data/high/crop_high_Tibetan-Plateau_v7.csv
Saved Figure for the region crop_high_Tibetan-Plateau_v7
Working for region /data/compoundx/anand/PCV/data/crop_data/high/crop_high_N.Central-America_v7.csv
Saved Figure for the region crop_high_N.Central-America_v7
Working for region /data/compoundx/anand/PCV/data/crop_data/high/crop_high_C.North-America_v7.csv
Saved Figure for the region crop_high_C.North-America_v7
Working for region /data/compoundx/anand/PCV/data/crop_data/high/crop_high_E.Siberia_v7.csv
Saved Figure for the region crop_high_E.Siberia_v7
Working for region /data/compoundx/anand/PCV/data/crop_data/high/crop_high_West&Central-Europe_v7.csv
Saved Figure for the region crop_high_West&Central-Europe_v7
Working for region /data/compoundx/anand/PCV/data/crop_data/high/crop_high_W.North-America_v7.csv
Saved Figure for the region crop_high_W.North-America_v7
Working for region /data/compoundx/anand/PCV/data/crop_data/high/crop_high_Mediterranean_v7.csv
Saved Figure for the region crop_high_Mediterranean_v7
Working for region /data/compoundx/anand/PCV/data/crop_data/high/crop_high_E.Europe_v7.csv
Saved Figure for the region crop_high_E.Europe_v7
Working for region /data/compoundx/anand/PCV/data/crop_data/high/crop_high_N.Europe_v7.csv
Saved Figure for the region crop_high_N.Europe_v7
Working for region /data/compoundx/anand/PCV/data/crop_data/high/crop_high_S.Asia_v7.csv
Saved Figure for the region crop_high_S.Asia_v7
Working for region /data/compoundx/anand/PCV/data/crop_data/high/crop_high_W.C.Asia_v7.csv
Saved Figure for the region crop_high_W.C.Asia_v7
Working for region /data/compoundx/anand/PCV/data/crop_data/high/crop_high_N.E.North-America_v7.csv
Saved Figure for the region crop_high_N.E.North-America_v7
Working for region /data/compoundx/anand/PCV/data/crop_data/high/crop_high_E.C.Asia_v7.csv
Saved Figure for the region crop_high_E.C.Asia_v7
Working for region /data/compoundx/anand/PCV/data/crop_data/high/crop_high_N.W.North-America_v7.csv
Saved Figure for the region crop_high_N.W.North-America_v7
